2022-06-07 22:42:11.727  INFO 85334 --- [main] c.c.p.a.a.PhotoAppApiAlbumsApplication   : Starting PhotoAppApiAlbumsApplication using Java 16.0.1 on MacBook-Pro-Konstantin.local with PID 85334 (/Users/k.lantsov/Documents/java/PhotoApp/PhotoAppApiAlbums/build/classes/java/main started by k.lantsov in /Users/k.lantsov/Documents/java/PhotoApp)
2022-06-07 22:42:11.729  INFO 85334 --- [main] c.c.p.a.a.PhotoAppApiAlbumsApplication   : No active profile set, falling back to 1 default profile: "default"
2022-06-07 22:42:12.760  INFO 85334 --- [main] o.s.cloud.context.scope.GenericScope     : BeanFactory id=8f04dbae-9627-360f-aab6-47651332c0e8
2022-06-07 22:42:13.036  INFO 85334 --- [main] o.s.b.w.embedded.tomcat.TomcatWebServer  : Tomcat initialized with port(s): 0 (http)
2022-06-07 22:42:13.042  INFO 85334 --- [main] o.apache.catalina.core.StandardService   : Starting service [Tomcat]
2022-06-07 22:42:13.042  INFO 85334 --- [main] org.apache.catalina.core.StandardEngine  : Starting Servlet engine: [Apache Tomcat/9.0.63]
2022-06-07 22:42:13.147  INFO 85334 --- [main] o.a.c.c.C.[Tomcat].[localhost].[/]       : Initializing Spring embedded WebApplicationContext
2022-06-07 22:42:13.147  INFO 85334 --- [main] w.s.c.ServletWebServerApplicationContext : Root WebApplicationContext: initialization completed in 1372 ms
2022-06-07 22:42:13.943  INFO 85334 --- [main] DiscoveryClientOptionalArgsConfiguration : Eureka HTTP Client uses RestTemplate.
2022-06-07 22:42:13.998  WARN 85334 --- [main] iguration$LoadBalancerCaffeineWarnLogger : Spring Cloud LoadBalancer is currently working with the default cache. While this cache implementation is useful for development and tests, it's recommended to use Caffeine cache in production.You can switch to using Caffeine cache, by adding it and org.springframework.cache.caffeine.CaffeineCacheManager to the classpath.
2022-06-07 22:42:14.003  INFO 85334 --- [main] o.s.b.a.e.web.EndpointLinksResolver      : Exposing 17 endpoint(s) beneath base path '/actuator'
2022-06-07 22:42:14.096  INFO 85334 --- [main] o.s.b.w.embedded.tomcat.TomcatWebServer  : Tomcat started on port(s): 61566 (http) with context path ''
2022-06-07 22:42:14.099  INFO 85334 --- [main] .s.c.n.e.s.EurekaAutoServiceRegistration : Updating port to 61566
2022-06-07 22:42:14.102  INFO 85334 --- [main] o.s.c.n.eureka.InstanceInfoFactory       : Setting initial instance status as: STARTING
2022-06-07 22:42:14.322  INFO 85334 --- [main] com.netflix.discovery.DiscoveryClient    : Initializing Eureka in region us-east-1
2022-06-07 22:42:14.325  INFO 85334 --- [main] c.n.d.s.r.aws.ConfigClusterResolver      : Resolving eureka endpoints via configuration
2022-06-07 22:42:14.444  INFO 85334 --- [main] com.netflix.discovery.DiscoveryClient    : Disable delta property : false
2022-06-07 22:42:14.447  INFO 85334 --- [main] com.netflix.discovery.DiscoveryClient    : Single vip registry refresh property : null
2022-06-07 22:42:14.447  INFO 85334 --- [main] com.netflix.discovery.DiscoveryClient    : Force full registry fetch : false
2022-06-07 22:42:14.447  INFO 85334 --- [main] com.netflix.discovery.DiscoveryClient    : Application is null : false
2022-06-07 22:42:14.448  INFO 85334 --- [main] com.netflix.discovery.DiscoveryClient    : Registered Applications size is zero : true
2022-06-07 22:42:14.448  INFO 85334 --- [main] com.netflix.discovery.DiscoveryClient    : Application version is -1: true
2022-06-07 22:42:14.448  INFO 85334 --- [main] com.netflix.discovery.DiscoveryClient    : Getting all instance registry info from the eureka server
2022-06-07 22:42:14.778  INFO 85334 --- [main] com.netflix.discovery.DiscoveryClient    : The response status is 200
2022-06-07 22:42:14.830  INFO 85334 --- [main] com.netflix.discovery.DiscoveryClient    : Starting heartbeat executor: renew interval is: 30
2022-06-07 22:42:14.879  INFO 85334 --- [main] c.n.discovery.InstanceInfoReplicator     : InstanceInfoReplicator onDemand update allowed rate per min is 4
2022-06-07 22:42:14.999  INFO 85334 --- [main] com.netflix.discovery.DiscoveryClient    : Discovery Client initialized at timestamp 1654630934998 with initial instances count: 0
2022-06-07 22:42:15.009  INFO 85334 --- [main] o.s.c.n.e.s.EurekaServiceRegistry        : Registering application ALBUMS-WS with eureka with status UP
2022-06-07 22:42:15.010  INFO 85334 --- [main] com.netflix.discovery.DiscoveryClient    : Saw local status change event StatusChangeEvent [timestamp=1654630935010, current=UP, previous=STARTING]
2022-06-07 22:42:15.011  INFO 85334 --- [DiscoveryClient-InstanceInfoReplicator-0] com.netflix.discovery.DiscoveryClient    : DiscoveryClient_ALBUMS-WS/albums-ws:e8b35730a2fe4a03b8ce86b893895839: registering service...
2022-06-07 22:42:15.048  INFO 85334 --- [main] c.c.p.a.a.PhotoAppApiAlbumsApplication   : Started PhotoAppApiAlbumsApplication in 3.743 seconds (JVM running for 4.348)
2022-06-07 22:42:15.080  INFO 85334 --- [DiscoveryClient-InstanceInfoReplicator-0] com.netflix.discovery.DiscoveryClient    : DiscoveryClient_ALBUMS-WS/albums-ws:e8b35730a2fe4a03b8ce86b893895839 - registration status: 204
2022-06-07 22:42:15.513  INFO 85334 --- [RMI TCP Connection(2)-127.0.0.1] o.a.c.c.C.[Tomcat].[localhost].[/]       : Initializing Spring DispatcherServlet 'dispatcherServlet'
2022-06-07 22:42:15.514  INFO 85334 --- [RMI TCP Connection(2)-127.0.0.1] o.s.web.servlet.DispatcherServlet        : Initializing Servlet 'dispatcherServlet'
2022-06-07 22:42:15.517  INFO 85334 --- [RMI TCP Connection(2)-127.0.0.1] o.s.web.servlet.DispatcherServlet        : Completed initialization in 2 ms
2022-06-07 22:42:44.840  INFO 85334 --- [DiscoveryClient-CacheRefreshExecutor-0] com.netflix.discovery.DiscoveryClient    : Disable delta property : false
2022-06-07 22:42:44.841  INFO 85334 --- [DiscoveryClient-CacheRefreshExecutor-0] com.netflix.discovery.DiscoveryClient    : Single vip registry refresh property : null
2022-06-07 22:42:44.843  INFO 85334 --- [DiscoveryClient-CacheRefreshExecutor-0] com.netflix.discovery.DiscoveryClient    : Force full registry fetch : false
2022-06-07 22:42:44.843  INFO 85334 --- [DiscoveryClient-CacheRefreshExecutor-0] com.netflix.discovery.DiscoveryClient    : Application is null : false
2022-06-07 22:42:44.843  INFO 85334 --- [DiscoveryClient-CacheRefreshExecutor-0] com.netflix.discovery.DiscoveryClient    : Registered Applications size is zero : true
2022-06-07 22:42:44.843  INFO 85334 --- [DiscoveryClient-CacheRefreshExecutor-0] com.netflix.discovery.DiscoveryClient    : Application version is -1: false
2022-06-07 22:42:44.843  INFO 85334 --- [DiscoveryClient-CacheRefreshExecutor-0] com.netflix.discovery.DiscoveryClient    : Getting all instance registry info from the eureka server
2022-06-07 22:42:44.874  INFO 85334 --- [DiscoveryClient-CacheRefreshExecutor-0] com.netflix.discovery.DiscoveryClient    : The response status is 200
2022-06-07 22:44:38.179  INFO 85334 --- [SpringApplicationShutdownHook] o.s.c.n.e.s.EurekaServiceRegistry        : Unregistering application ALBUMS-WS with eureka with status DOWN
2022-06-07 22:44:38.180  INFO 85334 --- [SpringApplicationShutdownHook] com.netflix.discovery.DiscoveryClient    : Saw local status change event StatusChangeEvent [timestamp=1654631078180, current=DOWN, previous=UP]
2022-06-07 22:44:38.180  INFO 85334 --- [DiscoveryClient-InstanceInfoReplicator-0] com.netflix.discovery.DiscoveryClient    : DiscoveryClient_ALBUMS-WS/albums-ws:e8b35730a2fe4a03b8ce86b893895839: registering service...
2022-06-07 22:44:38.200  INFO 85334 --- [DiscoveryClient-InstanceInfoReplicator-0] com.netflix.discovery.DiscoveryClient    : DiscoveryClient_ALBUMS-WS/albums-ws:e8b35730a2fe4a03b8ce86b893895839 - registration status: 204
2022-06-07 22:44:38.214  INFO 85334 --- [SpringApplicationShutdownHook] com.netflix.discovery.DiscoveryClient    : Shutting down DiscoveryClient ...
2022-06-07 22:44:41.360  INFO 85334 --- [SpringApplicationShutdownHook] com.netflix.discovery.DiscoveryClient    : Unregistering ...
2022-06-07 22:44:41.368  INFO 85334 --- [SpringApplicationShutdownHook] com.netflix.discovery.DiscoveryClient    : DiscoveryClient_ALBUMS-WS/albums-ws:e8b35730a2fe4a03b8ce86b893895839 - deregister  status: 200
2022-06-07 22:44:42.034  INFO 85334 --- [SpringApplicationShutdownHook] com.netflix.discovery.DiscoveryClient    : Completed shut down of DiscoveryClient
