2022-06-07 22:42:21.560  INFO [users-ws,,] 85366 --- [restartedMain] c.c.c.ConfigServicePropertySourceLocator : Fetching config from server at : http://localhost:8888
2022-06-07 22:42:21.621  INFO [users-ws,,] 85366 --- [restartedMain] c.c.c.ConfigServicePropertySourceLocator : Located environment: name=users-ws, profiles=[default], label=null, version=null, state=null
2022-06-07 22:42:21.622  INFO [users-ws,,] 85366 --- [restartedMain] b.c.PropertySourceBootstrapConfiguration : Located property source: [BootstrapPropertySource {name='bootstrapProperties-configClient'}, BootstrapPropertySource {name='bootstrapProperties-file:/Users/k.lantsov/Documents/java/PhotoApp/configuration/users-ws.properties'}, BootstrapPropertySource {name='bootstrapProperties-file:/Users/k.lantsov/Documents/java/PhotoApp/configuration/application.properties'}]
2022-06-07 22:42:21.655  INFO [users-ws,,] 85366 --- [restartedMain] c.c.p.a.u.PhotoAppApiUsersApplication    : No active profile set, falling back to 1 default profile: "default"
2022-06-07 22:42:21.670  INFO [users-ws,,] 85366 --- [restartedMain] o.s.c.c.c.ConfigServerConfigDataLoader   : Fetching config from server at : http://localhost:8888
2022-06-07 22:42:21.670  INFO [users-ws,,] 85366 --- [restartedMain] o.s.c.c.c.ConfigServerConfigDataLoader   : Located environment: name=users-ws, profiles=[default], label=null, version=null, state=null
2022-06-07 22:42:22.757  INFO [users-ws,,] 85366 --- [restartedMain] .s.d.r.c.RepositoryConfigurationDelegate : Bootstrapping Spring Data JPA repositories in DEFAULT mode.
2022-06-07 22:42:22.806  INFO [users-ws,,] 85366 --- [restartedMain] .s.d.r.c.RepositoryConfigurationDelegate : Finished Spring Data repository scanning in 45 ms. Found 1 JPA repository interfaces.
2022-06-07 22:42:23.171  INFO [users-ws,,] 85366 --- [restartedMain] faultConfiguringBeanFactoryPostProcessor : No bean named 'errorChannel' has been explicitly defined. Therefore, a default PublishSubscribeChannel will be created.
2022-06-07 22:42:23.175  INFO [users-ws,,] 85366 --- [restartedMain] faultConfiguringBeanFactoryPostProcessor : No bean named 'integrationHeaderChannelRegistry' has been explicitly defined. Therefore, a default DefaultHeaderChannelRegistry will be created.
2022-06-07 22:42:23.317  INFO [users-ws,,] 85366 --- [restartedMain] o.s.cloud.context.scope.GenericScope     : BeanFactory id=60be5c6a-8231-3a99-8632-130fc775c53b
2022-06-07 22:42:23.693  INFO [users-ws,,] 85366 --- [restartedMain] trationDelegate$BeanPostProcessorChecker : Bean 'org.springframework.integration.config.IntegrationManagementConfiguration' of type [org.springframework.integration.config.IntegrationManagementConfiguration] is not eligible for getting processed by all BeanPostProcessors (for example: not eligible for auto-proxying)
2022-06-07 22:42:23.733  INFO [users-ws,,] 85366 --- [restartedMain] trationDelegate$BeanPostProcessorChecker : Bean 'org.springframework.boot.autoconfigure.integration.IntegrationAutoConfiguration$IntegrationJmxConfiguration' of type [org.springframework.boot.autoconfigure.integration.IntegrationAutoConfiguration$IntegrationJmxConfiguration] is not eligible for getting processed by all BeanPostProcessors (for example: not eligible for auto-proxying)
2022-06-07 22:42:23.742  INFO [users-ws,,] 85366 --- [restartedMain] trationDelegate$BeanPostProcessorChecker : Bean 'org.springframework.boot.autoconfigure.jmx.JmxAutoConfiguration' of type [org.springframework.boot.autoconfigure.jmx.JmxAutoConfiguration] is not eligible for getting processed by all BeanPostProcessors (for example: not eligible for auto-proxying)
2022-06-07 22:42:23.748  INFO [users-ws,,] 85366 --- [restartedMain] trationDelegate$BeanPostProcessorChecker : Bean 'mbeanServer' of type [com.sun.jmx.mbeanserver.JmxMBeanServer] is not eligible for getting processed by all BeanPostProcessors (for example: not eligible for auto-proxying)
2022-06-07 22:42:23.811  INFO [users-ws,,] 85366 --- [restartedMain] trationDelegate$BeanPostProcessorChecker : Bean 'integrationChannelResolver' of type [org.springframework.integration.support.channel.BeanFactoryChannelResolver] is not eligible for getting processed by all BeanPostProcessors (for example: not eligible for auto-proxying)
2022-06-07 22:42:24.443  INFO [users-ws,,] 85366 --- [restartedMain] o.s.b.w.embedded.tomcat.TomcatWebServer  : Tomcat initialized with port(s): 0 (http)
2022-06-07 22:42:24.449  INFO [users-ws,,] 85366 --- [restartedMain] o.apache.catalina.core.StandardService   : Starting service [Tomcat]
2022-06-07 22:42:24.449  INFO [users-ws,,] 85366 --- [restartedMain] org.apache.catalina.core.StandardEngine  : Starting Servlet engine: [Apache Tomcat/9.0.62]
2022-06-07 22:42:24.520  INFO [users-ws,,] 85366 --- [restartedMain] o.a.c.c.C.[Tomcat].[localhost].[/]       : Initializing Spring embedded WebApplicationContext
2022-06-07 22:42:24.520  INFO [users-ws,,] 85366 --- [restartedMain] w.s.c.ServletWebServerApplicationContext : Root WebApplicationContext: initialization completed in 2849 ms
2022-06-07 22:42:24.714  INFO [users-ws,,] 85366 --- [restartedMain] com.zaxxer.hikari.HikariDataSource       : HikariPool-1 - Starting...
2022-06-07 22:42:24.932  INFO [users-ws,,] 85366 --- [restartedMain] com.zaxxer.hikari.HikariDataSource       : HikariPool-1 - Start completed.
2022-06-07 22:42:24.939  INFO [users-ws,,] 85366 --- [restartedMain] o.s.b.a.h2.H2ConsoleAutoConfiguration    : H2 console available at '/h2-console'. Database available at 'jdbc:mysql://localhost:3306/photoapp_repository?serverTimezone=UTC'
2022-06-07 22:42:25.474  WARN [users-ws,,] 85366 --- [restartedMain] o.s.c.s.a.z.ZipkinAutoConfiguration      : Check result of the [RestTemplateSender{http://localhost:9411/api/v2/spans}] contains an error [CheckResult{ok=false, error=org.springframework.web.client.ResourceAccessException: I/O error on POST request for "http://localhost:9411/api/v2/spans": Connection refused; nested exception is java.net.ConnectException: Connection refused}]
2022-06-07 22:42:27.064  INFO [users-ws,,] 85366 --- [restartedMain] o.hibernate.jpa.internal.util.LogHelper  : HHH000204: Processing PersistenceUnitInfo [name: default]
2022-06-07 22:42:27.085  INFO [users-ws,,] 85366 --- [restartedMain] org.hibernate.Version                    : HHH000412: Hibernate ORM core version 5.6.8.Final
2022-06-07 22:42:27.149  INFO [users-ws,,] 85366 --- [restartedMain] o.hibernate.annotations.common.Version   : HCANN000001: Hibernate Commons Annotations {5.1.2.Final}
2022-06-07 22:42:27.195  INFO [users-ws,,] 85366 --- [restartedMain] org.hibernate.dialect.Dialect            : HHH000400: Using dialect: org.hibernate.dialect.MySQL8Dialect
2022-06-07 22:42:27.559  INFO [users-ws,,] 85366 --- [restartedMain] o.h.e.t.j.p.i.JtaPlatformInitiator       : HHH000490: Using JtaPlatform implementation: [org.hibernate.engine.transaction.jta.platform.internal.NoJtaPlatform]
2022-06-07 22:42:27.563  INFO [users-ws,,] 85366 --- [restartedMain] j.LocalContainerEntityManagerFactoryBean : Initialized JPA EntityManagerFactory for persistence unit 'default'
2022-06-07 22:42:28.127  WARN [users-ws,,] 85366 --- [restartedMain] JpaBaseConfiguration$JpaWebConfiguration : spring.jpa.open-in-view is enabled by default. Therefore, database queries may be performed during view rendering. Explicitly configure spring.jpa.open-in-view to disable this warning
2022-06-07 22:42:28.213  INFO [users-ws,,] 85366 --- [restartedMain] o.s.b.d.a.OptionalLiveReloadServer       : LiveReload server is running on port 35729
2022-06-07 22:42:28.252  INFO [users-ws,,] 85366 --- [restartedMain] o.s.c.openfeign.FeignClientFactoryBean   : For 'albums-ws' URL not provided. Will try picking an instance via load-balancing.
2022-06-07 22:42:28.540  INFO [users-ws,,] 85366 --- [restartedMain] o.s.s.web.DefaultSecurityFilterChain     : Will secure any request with [org.springframework.security.web.context.request.async.WebAsyncManagerIntegrationFilter@73b6a99, org.springframework.security.web.context.SecurityContextPersistenceFilter@29ea095, org.springframework.security.web.header.HeaderWriterFilter@8b6a26, org.springframework.security.web.authentication.logout.LogoutFilter@40549fcf, com.company.photoapp.api.users.security.AuthenticationFilter@6ac1c0ef, org.springframework.security.web.savedrequest.RequestCacheAwareFilter@2e385955, org.springframework.security.web.servletapi.SecurityContextHolderAwareRequestFilter@504cff8d, org.springframework.security.web.authentication.AnonymousAuthenticationFilter@59d5639a, org.springframework.security.web.session.SessionManagementFilter@29d20ea6, org.springframework.security.web.access.ExceptionTranslationFilter@45ba7580, org.springframework.security.web.access.intercept.FilterSecurityInterceptor@5c087efa]
2022-06-07 22:42:29.178  INFO [users-ws,,] 85366 --- [restartedMain] o.s.c.s.m.DirectWithAttributesChannel    : Channel 'application-1.springCloudBusInput' has 1 subscriber(s).
2022-06-07 22:42:29.568  INFO [users-ws,,] 85366 --- [restartedMain] DiscoveryClientOptionalArgsConfiguration : Eureka HTTP Client uses RestTemplate.
2022-06-07 22:42:29.736  WARN [users-ws,,] 85366 --- [restartedMain] iguration$LoadBalancerCaffeineWarnLogger : Spring Cloud LoadBalancer is currently working with the default cache. While this cache implementation is useful for development and tests, it's recommended to use Caffeine cache in production.You can switch to using Caffeine cache, by adding it and org.springframework.cache.caffeine.CaffeineCacheManager to the classpath.
2022-06-07 22:42:29.805  INFO [users-ws,,] 85366 --- [restartedMain] o.s.b.a.e.web.EndpointLinksResolver      : Exposing 34 endpoint(s) beneath base path '/actuator'
2022-06-07 22:42:30.104  INFO [users-ws,,] 85366 --- [restartedMain] o.s.i.monitor.IntegrationMBeanExporter   : Registering MessageChannel errorChannel
2022-06-07 22:42:30.134  INFO [users-ws,,] 85366 --- [restartedMain] o.s.i.monitor.IntegrationMBeanExporter   : Registering MessageChannel springCloudBusInput
2022-06-07 22:42:30.149  INFO [users-ws,,] 85366 --- [restartedMain] o.s.i.monitor.IntegrationMBeanExporter   : Registering MessageChannel nullChannel
2022-06-07 22:42:30.161  INFO [users-ws,,] 85366 --- [restartedMain] o.s.i.monitor.IntegrationMBeanExporter   : Registering MessageHandler _org.springframework.integration.errorLogger
2022-06-07 22:42:30.192  INFO [users-ws,,] 85366 --- [restartedMain] o.s.i.endpoint.EventDrivenConsumer       : Adding {logging-channel-adapter:_org.springframework.integration.errorLogger} as a subscriber to the 'errorChannel' channel
2022-06-07 22:42:30.192  INFO [users-ws,,] 85366 --- [restartedMain] o.s.i.channel.PublishSubscribeChannel    : Channel 'application-1.errorChannel' has 1 subscriber(s).
2022-06-07 22:42:30.193  INFO [users-ws,,] 85366 --- [restartedMain] o.s.i.endpoint.EventDrivenConsumer       : started bean '_org.springframework.integration.errorLogger'
2022-06-07 22:42:30.201  INFO [users-ws,,] 85366 --- [restartedMain] o.s.c.s.binder.DefaultBinderFactory      : Creating binder: rabbit
2022-06-07 22:42:30.270  INFO [users-ws,,] 85366 --- [restartedMain] o.s.c.s.binder.DefaultBinderFactory      : Caching the binder: rabbit
2022-06-07 22:42:30.271  INFO [users-ws,,] 85366 --- [restartedMain] o.s.c.s.binder.DefaultBinderFactory      : Retrieving cached binder: rabbit
2022-06-07 22:42:30.364  INFO [users-ws,,] 85366 --- [restartedMain] c.s.b.r.p.RabbitExchangeQueueProvisioner : declaring queue for inbound: springCloudBus.anonymous.TgoPCYy6QKuFOUf-QNnkXQ, bound to: springCloudBus
2022-06-07 22:42:30.366  INFO [users-ws,,] 85366 --- [restartedMain] o.s.a.r.c.CachingConnectionFactory       : Attempting to connect to: [localhost:5672]
2022-06-07 22:42:30.385  INFO [users-ws,,] 85366 --- [restartedMain] o.s.a.r.c.CachingConnectionFactory       : Created new connection: rabbitConnectionFactory#2c554292:0/SimpleConnection@6904da5e [delegate=amqp://guest@127.0.0.1:5672/, localPort= 61594]
2022-06-07 22:42:30.414  INFO [users-ws,,] 85366 --- [restartedMain] o.s.c.stream.binder.BinderErrorChannel   : Channel 'springCloudBus.anonymous.TgoPCYy6QKuFOUf-QNnkXQ.errors' has 1 subscriber(s).
2022-06-07 22:42:30.415  INFO [users-ws,,] 85366 --- [restartedMain] o.s.c.stream.binder.BinderErrorChannel   : Channel 'springCloudBus.anonymous.TgoPCYy6QKuFOUf-QNnkXQ.errors' has 2 subscriber(s).
2022-06-07 22:42:30.423  INFO [users-ws,,] 85366 --- [restartedMain] o.s.i.a.i.AmqpInboundChannelAdapter      : started bean 'inbound.springCloudBus.anonymous.TgoPCYy6QKuFOUf-QNnkXQ'
2022-06-07 22:42:30.433  INFO [users-ws,,] 85366 --- [restartedMain] o.s.b.w.embedded.tomcat.TomcatWebServer  : Tomcat started on port(s): 61595 (http) with context path ''
2022-06-07 22:42:30.435  INFO [users-ws,,] 85366 --- [restartedMain] .s.c.n.e.s.EurekaAutoServiceRegistration : Updating port to 61595
2022-06-07 22:42:30.440  INFO [users-ws,,] 85366 --- [restartedMain] o.s.c.n.eureka.InstanceInfoFactory       : Setting initial instance status as: STARTING
2022-06-07 22:42:30.688  INFO [users-ws,,] 85366 --- [restartedMain] com.netflix.discovery.DiscoveryClient    : Initializing Eureka in region us-east-1
2022-06-07 22:42:30.691  INFO [users-ws,,] 85366 --- [restartedMain] c.n.d.s.r.aws.ConfigClusterResolver      : Resolving eureka endpoints via configuration
2022-06-07 22:42:30.818  INFO [users-ws,,] 85366 --- [restartedMain] com.netflix.discovery.DiscoveryClient    : Disable delta property : false
2022-06-07 22:42:30.818  INFO [users-ws,,] 85366 --- [restartedMain] com.netflix.discovery.DiscoveryClient    : Single vip registry refresh property : null
2022-06-07 22:42:30.818  INFO [users-ws,,] 85366 --- [restartedMain] com.netflix.discovery.DiscoveryClient    : Force full registry fetch : false
2022-06-07 22:42:30.818  INFO [users-ws,,] 85366 --- [restartedMain] com.netflix.discovery.DiscoveryClient    : Application is null : false
2022-06-07 22:42:30.818  INFO [users-ws,,] 85366 --- [restartedMain] com.netflix.discovery.DiscoveryClient    : Registered Applications size is zero : true
2022-06-07 22:42:30.818  INFO [users-ws,,] 85366 --- [restartedMain] com.netflix.discovery.DiscoveryClient    : Application version is -1: true
2022-06-07 22:42:30.818  INFO [users-ws,,] 85366 --- [restartedMain] com.netflix.discovery.DiscoveryClient    : Getting all instance registry info from the eureka server
2022-06-07 22:42:31.041  INFO [users-ws,,] 85366 --- [restartedMain] com.netflix.discovery.DiscoveryClient    : The response status is 200
2022-06-07 22:42:31.095  INFO [users-ws,,] 85366 --- [restartedMain] com.netflix.discovery.DiscoveryClient    : Starting heartbeat executor: renew interval is: 30
2022-06-07 22:42:31.146  INFO [users-ws,,] 85366 --- [restartedMain] c.n.discovery.InstanceInfoReplicator     : InstanceInfoReplicator onDemand update allowed rate per min is 4
2022-06-07 22:42:31.271  INFO [users-ws,,] 85366 --- [restartedMain] com.netflix.discovery.DiscoveryClient    : Discovery Client initialized at timestamp 1654630951270 with initial instances count: 2
2022-06-07 22:42:31.283  INFO [users-ws,,] 85366 --- [restartedMain] o.s.c.n.e.s.EurekaServiceRegistry        : Registering application USERS-WS with eureka with status UP
2022-06-07 22:42:31.283  INFO [users-ws,,] 85366 --- [restartedMain] com.netflix.discovery.DiscoveryClient    : Saw local status change event StatusChangeEvent [timestamp=1654630951283, current=UP, previous=STARTING]
2022-06-07 22:42:31.284  INFO [users-ws,,] 85366 --- [DiscoveryClient-InstanceInfoReplicator-0] com.netflix.discovery.DiscoveryClient    : DiscoveryClient_USERS-WS/users-ws:cf4f6be6f2b1b25e4c3bc7eba1b21cc1: registering service...
2022-06-07 22:42:31.331  INFO [users-ws,,] 85366 --- [restartedMain] o.s.i.monitor.IntegrationMBeanExporter   : Registering MessageChannel springCloudBus.anonymous.TgoPCYy6QKuFOUf-QNnkXQ.errors
2022-06-07 22:42:31.373  INFO [users-ws,,] 85366 --- [DiscoveryClient-InstanceInfoReplicator-0] com.netflix.discovery.DiscoveryClient    : DiscoveryClient_USERS-WS/users-ws:cf4f6be6f2b1b25e4c3bc7eba1b21cc1 - registration status: 204
2022-06-07 22:42:31.399  INFO [users-ws,,] 85366 --- [restartedMain] c.c.p.a.u.PhotoAppApiUsersApplication    : Started PhotoAppApiUsersApplication in 10.966 seconds (JVM running for 11.795)
2022-06-07 22:42:31.596  INFO [users-ws,,] 85366 --- [RMI TCP Connection(2)-127.0.0.1] o.a.c.c.C.[Tomcat].[localhost].[/]       : Initializing Spring DispatcherServlet 'dispatcherServlet'
2022-06-07 22:42:31.597  INFO [users-ws,,] 85366 --- [RMI TCP Connection(2)-127.0.0.1] o.s.web.servlet.DispatcherServlet        : Initializing Servlet 'dispatcherServlet'
2022-06-07 22:42:31.600  INFO [users-ws,,] 85366 --- [RMI TCP Connection(2)-127.0.0.1] o.s.web.servlet.DispatcherServlet        : Completed initialization in 3 ms
2022-06-07 22:44:44.343  INFO [users-ws,,] 85366 --- [Thread-6] o.s.c.s.a.z.ZipkinAutoConfiguration      : Flushing remaining spans on shutdown
2022-06-07 22:44:44.345  INFO [users-ws,,] 85366 --- [SpringApplicationShutdownHook] o.s.c.n.e.s.EurekaServiceRegistry        : Unregistering application USERS-WS with eureka with status DOWN
2022-06-07 22:44:44.346  INFO [users-ws,,] 85366 --- [SpringApplicationShutdownHook] com.netflix.discovery.DiscoveryClient    : Saw local status change event StatusChangeEvent [timestamp=1654631084346, current=DOWN, previous=UP]
2022-06-07 22:44:44.347  INFO [users-ws,,] 85366 --- [DiscoveryClient-InstanceInfoReplicator-0] com.netflix.discovery.DiscoveryClient    : DiscoveryClient_USERS-WS/users-ws:cf4f6be6f2b1b25e4c3bc7eba1b21cc1: registering service...
2022-06-07 22:44:44.360  INFO [users-ws,,] 85366 --- [DiscoveryClient-InstanceInfoReplicator-0] com.netflix.discovery.DiscoveryClient    : DiscoveryClient_USERS-WS/users-ws:cf4f6be6f2b1b25e4c3bc7eba1b21cc1 - registration status: 204
2022-06-07 22:44:44.379  INFO [users-ws,,] 85366 --- [SpringApplicationShutdownHook] o.s.a.r.l.SimpleMessageListenerContainer : Waiting for workers to finish.
2022-06-07 22:44:44.992  INFO [users-ws,,] 85366 --- [SpringApplicationShutdownHook] o.s.a.r.l.SimpleMessageListenerContainer : Successfully waited for workers to finish.
2022-06-07 22:44:44.994  INFO [users-ws,,] 85366 --- [SpringApplicationShutdownHook] o.s.i.a.i.AmqpInboundChannelAdapter      : stopped bean 'inbound.springCloudBus.anonymous.TgoPCYy6QKuFOUf-QNnkXQ'
2022-06-07 22:44:45.009  INFO [users-ws,,] 85366 --- [SpringApplicationShutdownHook] o.s.c.stream.binder.BinderErrorChannel   : Channel 'application-1.springCloudBus.anonymous.TgoPCYy6QKuFOUf-QNnkXQ.errors' has 1 subscriber(s).
2022-06-07 22:44:45.014  INFO [users-ws,,] 85366 --- [SpringApplicationShutdownHook] o.s.i.endpoint.EventDrivenConsumer       : Removing {logging-channel-adapter:_org.springframework.integration.errorLogger} as a subscriber to the 'errorChannel' channel
2022-06-07 22:44:45.014  INFO [users-ws,,] 85366 --- [SpringApplicationShutdownHook] o.s.i.channel.PublishSubscribeChannel    : Channel 'application-1.errorChannel' has 0 subscriber(s).
2022-06-07 22:44:45.015  INFO [users-ws,,] 85366 --- [SpringApplicationShutdownHook] o.s.i.endpoint.EventDrivenConsumer       : stopped bean '_org.springframework.integration.errorLogger'
2022-06-07 22:44:45.032  INFO [users-ws,,] 85366 --- [SpringApplicationShutdownHook] j.LocalContainerEntityManagerFactoryBean : Closing JPA EntityManagerFactory for persistence unit 'default'
2022-06-07 22:44:46.063  INFO [users-ws,,] 85366 --- [SpringApplicationShutdownHook] com.zaxxer.hikari.HikariDataSource       : HikariPool-1 - Shutdown initiated...
2022-06-07 22:44:46.078  INFO [users-ws,,] 85366 --- [SpringApplicationShutdownHook] com.zaxxer.hikari.HikariDataSource       : HikariPool-1 - Shutdown completed.
2022-06-07 22:44:46.082  INFO [users-ws,,] 85366 --- [SpringApplicationShutdownHook] com.netflix.discovery.DiscoveryClient    : Shutting down DiscoveryClient ...
2022-06-07 22:44:49.232  INFO [users-ws,,] 85366 --- [SpringApplicationShutdownHook] com.netflix.discovery.DiscoveryClient    : Unregistering ...
2022-06-07 22:44:49.238  INFO [users-ws,,] 85366 --- [SpringApplicationShutdownHook] com.netflix.discovery.DiscoveryClient    : DiscoveryClient_USERS-WS/users-ws:cf4f6be6f2b1b25e4c3bc7eba1b21cc1 - deregister  status: 200
2022-06-07 22:44:49.947  INFO [users-ws,,] 85366 --- [SpringApplicationShutdownHook] com.netflix.discovery.DiscoveryClient    : Completed shut down of DiscoveryClient
